{
"lst_ta4_4h" : [
{"coin":"BTC","rsi6":70.488,"rsi14":62.363,"fourHourV":225.6922},
{"coin":"ETH","rsi6":64.263,"rsi14":59.831,"fourHourV":102.9374},
{"coin":"LINK","rsi6":92.2,"rsi14":81.364,"fourHourV":47.931},
{"coin":"DOGE","rsi6":67.285,"rsi14":63.026,"fourHourV":40.1216},
{"coin":"XRP","rsi6":55.042,"rsi14":59.148,"fourHourV":37.4462},
{"coin":"SOL","rsi6":58.668,"rsi14":58.408,"fourHourV":33.0611},
{"coin":"STORJ","rsi6":97.133,"rsi14":90.953,"fourHourV":32.4396},
{"coin":"GAS","rsi6":81.696,"rsi14":70.085,"fourHourV":23.3227},
{"coin":"BNB","rsi6":52.056,"rsi14":57.032,"fourHourV":20.4313},
{"coin":"MATIC","rsi6":88.568,"rsi14":79.812,"fourHourV":20.2122},
{"coin":"FDUSD","rsi6":61.515,"rsi14":55.17,"fourHourV":17.6904},
{"coin":"SUSHI","rsi6":81.16,"rsi14":62.045,"fourHourV":9.3819},
{"coin":"GALA","rsi6":74.785,"rsi14":68.439,"fourHourV":9.3649},
{"coin":"SUI","rsi6":86.959,"rsi14":74.61,"fourHourV":9.2306},
{"coin":"ILV","rsi6":88.758,"rsi14":77.378,"fourHourV":8.9625},
{"coin":"ADA","rsi6":63.436,"rsi14":62.229,"fourHourV":8.906},
{"coin":"FTT","rsi6":70.516,"rsi14":67.647,"fourHourV":7.1294},
{"coin":"RUNE","rsi6":41.737,"rsi14":49.282,"fourHourV":7.092},
{"coin":"BNT","rsi6":96.135,"rsi14":88.659,"fourHourV":7.0113},
{"coin":"DYDX","rsi6":62.855,"rsi14":60.089,"fourHourV":6.8968},
{"coin":"STEEM","rsi6":79.465,"rsi14":75.889,"fourHourV":6.7891},
{"coin":"DOT","rsi6":74.582,"rsi14":67.038,"fourHourV":6.6368},
{"coin":"FTM","rsi6":63.072,"rsi14":60.364,"fourHourV":6.1486},
{"coin":"AVAX","rsi6":65.824,"rsi14":61.56,"fourHourV":5.7776},
{"coin":"LTC","rsi6":60.92,"rsi14":59.99,"fourHourV":5.7165},
{"coin":"GRT","rsi6":52.78,"rsi14":55.02,"fourHourV":5.486},
{"coin":"TWT","rsi6":39.728,"rsi14":49.917,"fourHourV":5.3486},
{"coin":"STX","rsi6":75.486,"rsi14":64.656,"fourHourV":5.1585},
{"coin":"SHIB","rsi6":61.65,"rsi14":58.063,"fourHourV":4.7146},
{"coin":"DAR","rsi6":78.37,"rsi14":69.092,"fourHourV":4.6911},
{"coin":"INJ","rsi6":51.022,"rsi14":59.008,"fourHourV":4.6784},
{"coin":"OP","rsi6":62.385,"rsi14":57.69,"fourHourV":4.6567},
{"coin":"APT","rsi6":65.499,"rsi14":59.855,"fourHourV":4.505},
{"coin":"FIL","rsi6":75.523,"rsi14":67.573,"fourHourV":4.4165},
{"coin":"TVK","rsi6":86.766,"rsi14":79.728,"fourHourV":4.1619},
{"coin":"ATOM","rsi6":62.509,"rsi14":61.187,"fourHourV":3.9905},
{"coin":"LOOM","rsi6":68.441,"rsi14":59.283,"fourHourV":3.9878},
{"coin":"NEAR","rsi6":48.861,"rsi14":46.37,"fourHourV":3.9406},
{"coin":"TRY","rsi6":63.231,"rsi14":61.175,"fourHourV":3.9243},
{"coin":"TRX","rsi6":71.134,"rsi14":57.913,"fourHourV":3.8153},
{"coin":"AAVE","rsi6":67.588,"rsi14":61.485,"fourHourV":3.6059},
{"coin":"PEPE","rsi6":59.483,"rsi14":56.179,"fourHourV":3.5094},
{"coin":"XVS","rsi6":46.859,"rsi14":52.733,"fourHourV":3.3649},
{"coin":"CAKE","rsi6":40.824,"rsi14":53.724,"fourHourV":3.2871},
{"coin":"YGG","rsi6":65.51,"rsi14":67.503,"fourHourV":3.096},
{"coin":"FET","rsi6":58.284,"rsi14":53.937,"fourHourV":3.0559},
{"coin":"CYBER","rsi6":71.877,"rsi14":65.33,"fourHourV":2.9692},
{"coin":"UNI","rsi6":78.106,"rsi14":68.593,"fourHourV":2.9427},
{"coin":"SNX","rsi6":82.13,"rsi14":69.493,"fourHourV":2.9129},
{"coin":"VET","rsi6":79.732,"rsi14":71.043,"fourHourV":2.8341},
{"coin":"RNDR","rsi6":53.127,"rsi14":51.576,"fourHourV":2.7513},
{"coin":"ZEN","rsi6":84.012,"rsi14":79.501,"fourHourV":2.7345},
{"coin":"GMT","rsi6":61.139,"rsi14":58.979,"fourHourV":2.5841},
{"coin":"XMR","rsi6":53.558,"rsi14":48.652,"fourHourV":2.4452},
{"coin":"LDO","rsi6":53.711,"rsi14":51.944,"fourHourV":2.4294},
{"coin":"YFI","rsi6":76.745,"rsi14":66.047,"fourHourV":2.3927},
{"coin":"AGIX","rsi6":60.666,"rsi14":54.834,"fourHourV":2.378},
{"coin":"APE","rsi6":65.172,"rsi14":58.425,"fourHourV":2.3582},
{"coin":"RSR","rsi6":82.624,"rsi14":70.016,"fourHourV":2.3228},
{"coin":"BCH","rsi6":63.121,"rsi14":58.189,"fourHourV":2.2512},
{"coin":"EGLD","rsi6":51.864,"rsi14":55.309,"fourHourV":2.2239},
{"coin":"MINA","rsi6":74.012,"rsi14":62.169,"fourHourV":2.1609},
{"coin":"CFX","rsi6":63.776,"rsi14":62.163,"fourHourV":2.0792},
{"coin":"FLOKI","rsi6":64.902,"rsi14":52.024,"fourHourV":2.0756},
{"coin":"LUNC","rsi6":69.032,"rsi14":62.485,"fourHourV":1.9903},
{"coin":"SAND","rsi6":67.177,"rsi14":63.393,"fourHourV":1.9779},
{"coin":"PYR","rsi6":72.598,"rsi14":69.618,"fourHourV":1.9456},
{"coin":"NEO","rsi6":61.205,"rsi14":58.688,"fourHourV":1.8863},
{"coin":"ETC","rsi6":63.569,"rsi14":58.962,"fourHourV":1.8783},
{"coin":"LEVER","rsi6":84.544,"rsi14":72.605,"fourHourV":1.8585},
{"coin":"IOTA","rsi6":77.258,"rsi14":69.423,"fourHourV":1.7078},
{"coin":"LUNA","rsi6":60.163,"rsi14":59.302,"fourHourV":1.6904},
{"coin":"EOS","rsi6":74.774,"rsi14":66.651,"fourHourV":1.6821},
{"coin":"THETA","rsi6":85.771,"rsi14":76.18,"fourHourV":1.6483},
{"coin":"HBAR","rsi6":70.301,"rsi14":64.773,"fourHourV":1.646},
{"coin":"GLMR","rsi6":83.094,"rsi14":76.089,"fourHourV":1.6415},
{"coin":"SC","rsi6":85.634,"rsi14":70.704,"fourHourV":1.641},
{"coin":"RDNT","rsi6":40.395,"rsi14":49.699,"fourHourV":1.6208},
{"coin":"ICP","rsi6":65.053,"rsi14":60.031,"fourHourV":1.5423},
{"coin":"ENJ","rsi6":49.716,"rsi14":55.229,"fourHourV":1.5212},
{"coin":"SEI","rsi6":69.585,"rsi14":65.522,"fourHourV":1.4985},
{"coin":"CRV","rsi6":62.629,"rsi14":59.252,"fourHourV":1.4966},
{"coin":"OCEAN","rsi6":61.923,"rsi14":54.052,"fourHourV":1.4492},
{"coin":"ANKR","rsi6":78.482,"rsi14":67.683,"fourHourV":1.4476},
{"coin":"BLZ","rsi6":69.002,"rsi14":60.087,"fourHourV":1.4451},
{"coin":"HIFI","rsi6":73.651,"rsi14":67.807,"fourHourV":1.4377},
{"coin":"SXP","rsi6":61.566,"rsi14":59.557,"fourHourV":1.4089},
{"coin":"1INCH","rsi6":60.874,"rsi14":61.532,"fourHourV":1.3996},
{"coin":"XLM","rsi6":55.064,"rsi14":54.575,"fourHourV":1.3984},
{"coin":"WAVES","rsi6":70.096,"rsi14":65.676,"fourHourV":1.3928},
{"coin":"UNFI","rsi6":43.071,"rsi14":49.958,"fourHourV":1.3594},
{"coin":"IMX","rsi6":51.824,"rsi14":53.595,"fourHourV":1.3504},
{"coin":"JOE","rsi6":80.969,"rsi14":68.346,"fourHourV":1.3058},
{"coin":"BAND","rsi6":71.957,"rsi14":64.11,"fourHourV":1.2966},
{"coin":"FLOW","rsi6":69.566,"rsi14":65.341,"fourHourV":1.2814},
{"coin":"POLYX","rsi6":67.388,"rsi14":51.505,"fourHourV":1.2776},
{"coin":"ASTR","rsi6":76.864,"rsi14":69.258,"fourHourV":1.2376},
{"coin":"ROSE","rsi6":47.182,"rsi14":50.178,"fourHourV":1.2232},
{"coin":"WAXP","rsi6":83.222,"rsi14":71.256,"fourHourV":1.2137},
{"coin":"MTL","rsi6":69.345,"rsi14":61.882,"fourHourV":1.2073},
{"coin":"MOVR","rsi6":53.765,"rsi14":61.239,"fourHourV":1.2035},
{"coin":"WOO","rsi6":61.693,"rsi14":64.097,"fourHourV":1.1802},
{"coin":"MANA","rsi6":67.294,"rsi14":61.087,"fourHourV":1.1763},
{"coin":"REEF","rsi6":76.492,"rsi14":66.153,"fourHourV":1.1618},
{"coin":"MASK","rsi6":60.968,"rsi14":55.311,"fourHourV":1.1603},
{"coin":"AXS","rsi6":70.746,"rsi14":63.546,"fourHourV":1.1449},
{"coin":"OGN","rsi6":73.854,"rsi14":65.396,"fourHourV":1.1428},
{"coin":"WLD","rsi6":57.028,"rsi14":51.016,"fourHourV":1.1393},
{"coin":"STRAX","rsi6":82.08,"rsi14":63.016,"fourHourV":1.1048},
{"coin":"FXS","rsi6":58.71,"rsi14":53.227,"fourHourV":1.0918},
{"coin":"ALGO","rsi6":64.022,"rsi14":62.677,"fourHourV":1.0886},
{"coin":"RIF","rsi6":52.119,"rsi14":51.109,"fourHourV":1.0861},
{"coin":"LQTY","rsi6":39.171,"rsi14":36.125,"fourHourV":1.0825},
{"coin":"MAGIC","rsi6":70.393,"rsi14":63.229,"fourHourV":1.0783},
{"coin":"BOND","rsi6":50.487,"rsi14":52.339,"fourHourV":1.0512},
{"coin":"STG","rsi6":47.132,"rsi14":53.906,"fourHourV":1.0411},
{"coin":"MKR","rsi6":66.495,"rsi14":52.688,"fourHourV":1.0255},
{"coin":"ACH","rsi6":48.138,"rsi14":57.7,"fourHourV":1.0089},
{"coin":"TOMO","rsi6":53.397,"rsi14":40.427,"fourHourV":0.9929},
{"coin":"AR","rsi6":67.676,"rsi14":63.766,"fourHourV":0.9905},
{"coin":"ALICE","rsi6":71.956,"rsi14":62.116,"fourHourV":0.9752},
{"coin":"HIGH","rsi6":74.01,"rsi14":64.27,"fourHourV":0.9716},
{"coin":"HFT","rsi6":69.221,"rsi14":60.218,"fourHourV":0.9432},
{"coin":"CHZ","rsi6":55.366,"rsi14":58.639,"fourHourV":0.9421},
{"coin":"LINA","rsi6":68.752,"rsi14":59.732,"fourHourV":0.9416},
{"coin":"COMP","rsi6":64.275,"rsi14":62.643,"fourHourV":0.9293},
{"coin":"QNT","rsi6":72.239,"rsi14":62.402,"fourHourV":0.9172},
{"coin":"BAKE","rsi6":43.163,"rsi14":52.335,"fourHourV":0.8994},
{"coin":"GMX","rsi6":76.056,"rsi14":64.511,"fourHourV":0.8935},
{"coin":"GAL","rsi6":60.944,"rsi14":58.311,"fourHourV":0.8877},
{"coin":"BADGER","rsi6":58.899,"rsi14":59.112,"fourHourV":0.8855},
{"coin":"USTC","rsi6":77.24,"rsi14":62.411,"fourHourV":0.8616},
{"coin":"API3","rsi6":61.003,"rsi14":61.627,"fourHourV":0.845},
{"coin":"HOT","rsi6":78.63,"rsi14":68.84,"fourHourV":0.8409},
{"coin":"HOOK","rsi6":50.42,"rsi14":49.269,"fourHourV":0.8258},
{"coin":"SLP","rsi6":61.141,"rsi14":51.129,"fourHourV":0.8179},
{"coin":"C98","rsi6":53.353,"rsi14":57.739,"fourHourV":0.7717},
{"coin":"KSM","rsi6":78.329,"rsi14":70.325,"fourHourV":0.763},
{"coin":"ZIL","rsi6":71.097,"rsi14":63.976,"fourHourV":0.7582},
{"coin":"TLM","rsi6":73.89,"rsi14":68.049,"fourHourV":0.7571},
{"coin":"MAV","rsi6":61.758,"rsi14":59.991,"fourHourV":0.7556},
{"coin":"MBOX","rsi6":44.831,"rsi14":50.697,"fourHourV":0.7452},
{"coin":"ARKM","rsi6":64.647,"rsi14":56.25,"fourHourV":0.7426},
{"coin":"PERP","rsi6":76.609,"rsi14":65.235,"fourHourV":0.7305},
{"coin":"OG","rsi6":52.35,"rsi14":57.788,"fourHourV":0.7068},
{"coin":"CELO","rsi6":56.208,"rsi14":48.622,"fourHourV":0.7023},
{"coin":"XEC","rsi6":78.797,"rsi14":69.384,"fourHourV":0.6936},
{"coin":"SKL","rsi6":72.204,"rsi14":62.926,"fourHourV":0.6757},
{"coin":"ID","rsi6":49.628,"rsi14":52.627,"fourHourV":0.6709},
{"coin":"REN","rsi6":60.521,"rsi14":55.93,"fourHourV":0.6627},
{"coin":"EDU","rsi6":65.412,"rsi14":59.414,"fourHourV":0.6616},
{"coin":"SNT","rsi6":51.021,"rsi14":47.951,"fourHourV":0.6504},
{"coin":"REQ","rsi6":88.459,"rsi14":74.635,"fourHourV":0.6457},
{"coin":"CHR","rsi6":50.491,"rsi14":51.129,"fourHourV":0.6363},
{"coin":"ZRX","rsi6":79.951,"rsi14":69.092,"fourHourV":0.6314},
{"coin":"KNC","rsi6":78.257,"rsi14":65.708,"fourHourV":0.6291},
{"coin":"KDA","rsi6":69.746,"rsi14":62.651,"fourHourV":0.6277},
{"coin":"STPT","rsi6":84.421,"rsi14":66.705,"fourHourV":0.6128},
{"coin":"AGLD","rsi6":56.13,"rsi14":46.474,"fourHourV":0.5982},
{"coin":"PEOPLE","rsi6":57.968,"rsi14":58.64,"fourHourV":0.5972},
{"coin":"ENS","rsi6":56.142,"rsi14":55.253,"fourHourV":0.5958},
{"coin":"IOTX","rsi6":69.081,"rsi14":57.396,"fourHourV":0.5956},
{"coin":"OSMO","rsi6":68,"rsi14":65.826,"fourHourV":0.5779},
{"coin":"AKRO","rsi6":58.522,"rsi14":60.024,"fourHourV":0.5388},
{"coin":"TRU","rsi6":63.935,"rsi14":59.532,"fourHourV":0.5319},
{"coin":"JASMY","rsi6":61.83,"rsi14":58.177,"fourHourV":0.5211},
{"coin":"ARPA","rsi6":60.962,"rsi14":57.631,"fourHourV":0.5192},
{"coin":"STMX","rsi6":72.097,"rsi14":56.828,"fourHourV":0.507},
{"coin":"VOXEL","rsi6":83.548,"rsi14":70.547,"fourHourV":0.5059},
{"coin":"BAT","rsi6":71.055,"rsi14":65.269,"fourHourV":0.4988},
{"coin":"ALPHA","rsi6":76.201,"rsi14":65.926,"fourHourV":0.4925},
{"coin":"WING","rsi6":56.386,"rsi14":58.497,"fourHourV":0.49},
{"coin":"BEL","rsi6":61.947,"rsi14":58.499,"fourHourV":0.483},
{"coin":"ICX","rsi6":69.359,"rsi14":62.922,"fourHourV":0.4667},
{"coin":"KLAY","rsi6":70.617,"rsi14":62.248,"fourHourV":0.4543},
{"coin":"LPT","rsi6":59.921,"rsi14":57.359,"fourHourV":0.4486},
{"coin":"ZEC","rsi6":65.144,"rsi14":62.424,"fourHourV":0.4434},
{"coin":"RAY","rsi6":52.524,"rsi14":51.436,"fourHourV":0.4434},
{"coin":"POWR","rsi6":78.854,"rsi14":63.307,"fourHourV":0.4406},
{"coin":"CELR","rsi6":51.836,"rsi14":50.51,"fourHourV":0.4392},
{"coin":"FLM","rsi6":60.711,"rsi14":55.319,"fourHourV":0.4373},
{"coin":"BAL","rsi6":70.1,"rsi14":63.737,"fourHourV":0.4359},
{"coin":"KAVA","rsi6":73.767,"rsi14":66.831,"fourHourV":0.4351},
{"coin":"XEM","rsi6":77.105,"rsi14":68.575,"fourHourV":0.4346},
{"coin":"UFT","rsi6":46.403,"rsi14":54.267,"fourHourV":0.4313},
{"coin":"XTZ","rsi6":77.435,"rsi14":70.693,"fourHourV":0.4256},
{"coin":"GNO","rsi6":88.259,"rsi14":83.633,"fourHourV":0.4041},
{"coin":"DASH","rsi6":71.449,"rsi14":65.858,"fourHourV":0.4028},
{"coin":"LRC","rsi6":60.758,"rsi14":58.001,"fourHourV":0.4027},
{"coin":"GTC","rsi6":56.438,"rsi14":57.891,"fourHourV":0.3938},
{"coin":"XVG","rsi6":66.608,"rsi14":61.424,"fourHourV":0.3927},
{"coin":"PNT","rsi6":87.666,"rsi14":82.191,"fourHourV":0.391},
{"coin":"NKN","rsi6":66.745,"rsi14":60.85,"fourHourV":0.3852},
{"coin":"FLUX","rsi6":73.517,"rsi14":64.871,"fourHourV":0.384},
{"coin":"KP3R","rsi6":74.744,"rsi14":64.969,"fourHourV":0.3835},
{"coin":"ONE","rsi6":58.176,"rsi14":59.358,"fourHourV":0.377},
{"coin":"BURGER","rsi6":62.869,"rsi14":56.301,"fourHourV":0.3752},
{"coin":"FIDA","rsi6":60.508,"rsi14":56.187,"fourHourV":0.3657},
{"coin":"MULTI","rsi6":52.681,"rsi14":54.716,"fourHourV":0.3634},
{"coin":"QTUM","rsi6":62.871,"rsi14":53.133,"fourHourV":0.3573},
{"coin":"TROY","rsi6":80.109,"rsi14":68.149,"fourHourV":0.3508},
{"coin":"OM","rsi6":60.66,"rsi14":62.817,"fourHourV":0.3494},
{"coin":"ONT","rsi6":64.688,"rsi14":58.185,"fourHourV":0.3334},
{"coin":"RVN","rsi6":65.262,"rsi14":59.084,"fourHourV":0.3198},
{"coin":"ANT","rsi6":41.906,"rsi14":53.193,"fourHourV":0.3141},
{"coin":"BICO","rsi6":63.628,"rsi14":58.898,"fourHourV":0.3132},
{"coin":"VGX","rsi6":67.241,"rsi14":54.844,"fourHourV":0.3097},
{"coin":"BTTC","rsi6":0,"rsi14":0,"fourHourV":0.3097},
{"coin":"FRONT","rsi6":55.131,"rsi14":53.56,"fourHourV":0.308},
{"coin":"MDT","rsi6":61.739,"rsi14":56.008,"fourHourV":0.3053},
{"coin":"MDX","rsi6":52.405,"rsi14":56.011,"fourHourV":0.3015},
{"coin":"TFUEL","rsi6":79.722,"rsi14":67.143,"fourHourV":0.3002},
{"coin":"SUPER","rsi6":71.639,"rsi14":65.4,"fourHourV":0.2979},
{"coin":"SSV","rsi6":48.124,"rsi14":55.404,"fourHourV":0.2978},
{"coin":"CVC","rsi6":68.121,"rsi14":64.249,"fourHourV":0.2933},
{"coin":"PHA","rsi6":60.156,"rsi14":52.828,"fourHourV":0.29},
{"coin":"JST","rsi6":73.659,"rsi14":54.102,"fourHourV":0.2896},
{"coin":"VTHO","rsi6":84.488,"rsi14":73.11,"fourHourV":0.2825},
{"coin":"ATA","rsi6":70.428,"rsi14":58.837,"fourHourV":0.2762},
{"coin":"COMBO","rsi6":67.713,"rsi14":60.641,"fourHourV":0.2755},
{"coin":"CTSI","rsi6":57.515,"rsi14":55.731,"fourHourV":0.2712},
{"coin":"OXT","rsi6":65.508,"rsi14":57.227,"fourHourV":0.2668},
{"coin":"AMP","rsi6":69.179,"rsi14":65.43,"fourHourV":0.2578},
{"coin":"PENDLE","rsi6":45.074,"rsi14":50.723,"fourHourV":0.2565},
{"coin":"AST","rsi6":75.688,"rsi14":62.642,"fourHourV":0.2562},
{"coin":"OMG","rsi6":66.263,"rsi14":62.379,"fourHourV":0.2527},
{"coin":"DODO","rsi6":56.762,"rsi14":56.453,"fourHourV":0.2526},
{"coin":"RAD","rsi6":63.714,"rsi14":57.435,"fourHourV":0.2511},
{"coin":"SPELL","rsi6":65.241,"rsi14":58.982,"fourHourV":0.247},
{"coin":"LOKA","rsi6":66.02,"rsi14":59.554,"fourHourV":0.2461},
{"coin":"DUSK","rsi6":67.502,"rsi14":58.741,"fourHourV":0.2428},
{"coin":"OOKI","rsi6":53.572,"rsi14":50.766,"fourHourV":0.2424},
{"coin":"PROS","rsi6":51.641,"rsi14":57.144,"fourHourV":0.2373},
{"coin":"NMR","rsi6":67.185,"rsi14":58.06,"fourHourV":0.2311},
{"coin":"PAXG","rsi6":12.923,"rsi14":23.416,"fourHourV":0.2294},
{"coin":"SFP","rsi6":66.954,"rsi14":55.222,"fourHourV":0.2275},
{"coin":"MBL","rsi6":61.145,"rsi14":54.12,"fourHourV":0.2268},
{"coin":"COTI","rsi6":62.136,"rsi14":55.679,"fourHourV":0.225},
{"coin":"ACA","rsi6":51.446,"rsi14":55.801,"fourHourV":0.2197},
{"coin":"BNX","rsi6":66.938,"rsi14":61.27,"fourHourV":0.2182},
{"coin":"ONG","rsi6":68.714,"rsi14":58.925,"fourHourV":0.2147},
{"coin":"AUDIO","rsi6":58.783,"rsi14":57.857,"fourHourV":0.2134},
{"coin":"IOST","rsi6":74.376,"rsi14":65.395,"fourHourV":0.2111},
{"coin":"VIDT","rsi6":53.051,"rsi14":49.537,"fourHourV":0.2065},
{"coin":"LIT","rsi6":53.423,"rsi14":55.409,"fourHourV":0.2043},
{"coin":"WBTC","rsi6":72.234,"rsi14":62.472,"fourHourV":0.2008},
{"coin":"CVX","rsi6":64.21,"rsi14":62.421,"fourHourV":0.1987},
{"coin":"AUCTION","rsi6":58.705,"rsi14":56.647,"fourHourV":0.1939},
{"coin":"ORN","rsi6":54.931,"rsi14":55.191,"fourHourV":0.1921},
{"coin":"GNS","rsi6":73.944,"rsi14":61.296,"fourHourV":0.1905},
{"coin":"DATA","rsi6":73.793,"rsi14":62.27,"fourHourV":0.1896},
{"coin":"ALPACA","rsi6":49.509,"rsi14":52.628,"fourHourV":0.1888},
{"coin":"SANTOS","rsi6":59.325,"rsi14":60.164,"fourHourV":0.1866},
{"coin":"UMA","rsi6":74.177,"rsi14":64.897,"fourHourV":0.1815},
{"coin":"ASR","rsi6":53.404,"rsi14":59.466,"fourHourV":0.1805},
{"coin":"AERGO","rsi6":69.169,"rsi14":58.253,"fourHourV":0.1805},
{"coin":"SYN","rsi6":69.896,"rsi14":62.568,"fourHourV":0.179},
{"coin":"CVP","rsi6":66.096,"rsi14":62.941,"fourHourV":0.178},
{"coin":"ADX","rsi6":81.534,"rsi14":68.774,"fourHourV":0.1748},
{"coin":"GLM","rsi6":76.617,"rsi14":68.212,"fourHourV":0.1742},
{"coin":"DENT","rsi6":62.47,"rsi14":60.686,"fourHourV":0.1733},
{"coin":"WAN","rsi6":51.789,"rsi14":51.06,"fourHourV":0.1706},
{"coin":"WRX","rsi6":79.039,"rsi14":67.832,"fourHourV":0.1691},
{"coin":"ERN","rsi6":68.638,"rsi14":60.13,"fourHourV":0.1678},
{"coin":"POND","rsi6":67.206,"rsi14":62.205,"fourHourV":0.1664},
{"coin":"ALCX","rsi6":62.85,"rsi14":60.623,"fourHourV":0.1663},
{"coin":"NEXO","rsi6":62.182,"rsi14":60.933,"fourHourV":0.1626},
{"coin":"FARM","rsi6":55.484,"rsi14":60.265,"fourHourV":0.1521},
{"coin":"BSW","rsi6":51.2,"rsi14":52.834,"fourHourV":0.1509},
{"coin":"KEY","rsi6":61.161,"rsi14":55.566,"fourHourV":0.149},
{"coin":"CTXC","rsi6":58.664,"rsi14":54.315,"fourHourV":0.1483},
{"coin":"SYS","rsi6":72.454,"rsi14":66.375,"fourHourV":0.146},
{"coin":"WIN","rsi6":79.07,"rsi14":68.361,"fourHourV":0.1455},
{"coin":"PUNDIX","rsi6":69.715,"rsi14":63.293,"fourHourV":0.1376},
{"coin":"ALPINE","rsi6":61.098,"rsi14":63.507,"fourHourV":0.1369},
{"coin":"CLV","rsi6":68.845,"rsi14":66.126,"fourHourV":0.1361},
{"coin":"CTK","rsi6":60.02,"rsi14":57.051,"fourHourV":0.1286},
{"coin":"IDEX","rsi6":63.233,"rsi14":56.861,"fourHourV":0.1267},
{"coin":"LAZIO","rsi6":68.799,"rsi14":67.183,"fourHourV":0.1252},
{"coin":"FORTH","rsi6":56.578,"rsi14":60.503,"fourHourV":0.125},
{"coin":"CHESS","rsi6":63.97,"rsi14":58.82,"fourHourV":0.1241},
{"coin":"BIFI","rsi6":64.196,"rsi14":63.8,"fourHourV":0.1147},
{"coin":"ARDR","rsi6":82.735,"rsi14":67.717,"fourHourV":0.1133},
{"coin":"OAX","rsi6":53.846,"rsi14":54.597,"fourHourV":0.1106},
{"coin":"LTO","rsi6":86.397,"rsi14":74.199,"fourHourV":0.1101},
{"coin":"RLC","rsi6":56.971,"rsi14":55.484,"fourHourV":0.11},
{"coin":"TKO","rsi6":56.838,"rsi14":56.639,"fourHourV":0.1033},
{"coin":"UTK","rsi6":67.097,"rsi14":61.175,"fourHourV":0.1029},
{"coin":"PLA","rsi6":69.733,"rsi14":62.068,"fourHourV":0.1026},
{"coin":"QUICK","rsi6":57.375,"rsi14":55.986,"fourHourV":0.1023},
{"coin":"WTC","rsi6":60.759,"rsi14":57.42,"fourHourV":0.1021},
{"coin":"DEGO","rsi6":62.148,"rsi14":59.799,"fourHourV":0.0998},
{"coin":"XNO","rsi6":56.438,"rsi14":56.301,"fourHourV":0.0994},
{"coin":"LSK","rsi6":65.169,"rsi14":59.166,"fourHourV":0.0984},
{"coin":"FIS","rsi6":61.618,"rsi14":60.025,"fourHourV":0.0981},
{"coin":"DREP","rsi6":60.951,"rsi14":55.876,"fourHourV":0.0974},
{"coin":"COS","rsi6":59.989,"rsi14":57.784,"fourHourV":0.0943},
{"coin":"IRIS","rsi6":69.379,"rsi14":60.389,"fourHourV":0.0942},
{"coin":"PORTO","rsi6":60.588,"rsi14":62.589,"fourHourV":0.0941},
{"coin":"HARD","rsi6":78.977,"rsi14":67.785,"fourHourV":0.093},
{"coin":"EPX","rsi6":75.659,"rsi14":63.95,"fourHourV":0.0929},
{"coin":"KMD","rsi6":69.311,"rsi14":57.908,"fourHourV":0.09},
{"coin":"BTS","rsi6":62.72,"rsi14":58.306,"fourHourV":0.084},
{"coin":"WBETH","rsi6":63.622,"rsi14":59.479,"fourHourV":0.0779},
{"coin":"QI","rsi6":62.213,"rsi14":59.841,"fourHourV":0.0767},
{"coin":"DCR","rsi6":58.093,"rsi14":61.642,"fourHourV":0.0762},
{"coin":"PROM","rsi6":65.124,"rsi14":60.302,"fourHourV":0.0745},
{"coin":"FUN","rsi6":73.944,"rsi14":68.983,"fourHourV":0.0731},
{"coin":"BETA","rsi6":58.526,"rsi14":55.998,"fourHourV":0.0731},
{"coin":"JUV","rsi6":60.566,"rsi14":61.501,"fourHourV":0.0712},
{"coin":"SCRT","rsi6":66.069,"rsi14":62.949,"fourHourV":0.0706},
{"coin":"DF","rsi6":74.448,"rsi14":64.77,"fourHourV":0.0676},
{"coin":"ELF","rsi6":79.401,"rsi14":66.703,"fourHourV":0.0671},
{"coin":"MLN","rsi6":65.271,"rsi14":59.844,"fourHourV":0.0652},
{"coin":"RARE","rsi6":67.498,"rsi14":63.638,"fourHourV":0.0652},
{"coin":"RPL","rsi6":83.958,"rsi14":76.682,"fourHourV":0.0644},
{"coin":"CITY","rsi6":57.931,"rsi14":58.831,"fourHourV":0.0595},
{"coin":"FIRO","rsi6":72.03,"rsi14":63.733,"fourHourV":0.0594},
{"coin":"PERL","rsi6":54.574,"rsi14":54.321,"fourHourV":0.0546},
{"coin":"DIA","rsi6":68.75,"rsi14":64.298,"fourHourV":0.052},
{"coin":"AVA","rsi6":73.994,"rsi14":61.944,"fourHourV":0.0515},
{"coin":"FIO","rsi6":70.428,"rsi14":64.708,"fourHourV":0.0496},
{"coin":"BAR","rsi6":57.82,"rsi14":57.296,"fourHourV":0.0456},
{"coin":"DOCK","rsi6":62.336,"rsi14":62.319,"fourHourV":0.0431},
{"coin":"HIVE","rsi6":80.998,"rsi14":68.814,"fourHourV":0.0426},
{"coin":"GHST","rsi6":59.183,"rsi14":57.725,"fourHourV":0.0424},
{"coin":"DEXE","rsi6":80.339,"rsi14":68.032,"fourHourV":0.0422},
{"coin":"ATM","rsi6":60.641,"rsi14":61.117,"fourHourV":0.0421},
{"coin":"VITE","rsi6":66.689,"rsi14":61.795,"fourHourV":0.0399},
{"coin":"NULS","rsi6":79.317,"rsi14":68.036,"fourHourV":0.039},
{"coin":"QKC","rsi6":62.858,"rsi14":53.913,"fourHourV":0.0379},
{"coin":"REI","rsi6":57.523,"rsi14":55.699,"fourHourV":0.037},
{"coin":"PSG","rsi6":53.016,"rsi14":54.15,"fourHourV":0.0352},
{"coin":"FOR","rsi6":71.032,"rsi14":62.058,"fourHourV":0.0352},
{"coin":"POLS","rsi6":73.124,"rsi14":60.926,"fourHourV":0.0349},
{"coin":"WNXM","rsi6":78.464,"rsi14":73.482,"fourHourV":0.0343},
{"coin":"ACM","rsi6":48.37,"rsi14":50.533,"fourHourV":0.0336},
{"coin":"SUN","rsi6":61.951,"rsi14":52.538,"fourHourV":0.0289}
]
}